e:\c++\visual studio\directx 11 framework\directx 11 framework\vertex.cso
f:\c++\visual studio\directx 11 framework\directx 11 framework\pixel.cso
f:\c++\visual studio\directx 11 framework\directx 11 framework\vertex.cso
e:\c++\visual studio\directx 11 framework\directx 11 framework\pixel.cso
e:\c++\visual studio\directx 11 framework\directx 11 framework\debug\vc140.pdb
e:\c++\visual studio\directx 11 framework\directx 11 framework\debug\vc140.idb
e:\c++\visual studio\directx 11 framework\directx 11 framework\debug\camera.obj
e:\c++\visual studio\directx 11 framework\directx 11 framework\debug\cratemesh.obj
e:\c++\visual studio\directx 11 framework\directx 11 framework\debug\floormesh.obj
e:\c++\visual studio\directx 11 framework\directx 11 framework\debug\game.obj
e:\c++\visual studio\directx 11 framework\directx 11 framework\debug\keyboard.obj
e:\c++\visual studio\directx 11 framework\directx 11 framework\debug\main.obj
e:\c++\visual studio\directx 11 framework\directx 11 framework\debug\mesh.obj
e:\c++\visual studio\directx 11 framework\directx 11 framework\debug\mouse.obj
e:\c++\visual studio\directx 11 framework\directx 11 framework\debug\renderer.obj
e:\c++\visual studio\directx 11 framework\directx 11 framework\debug\testscene.obj
e:\c++\visual studio\directx 11 framework\directx 11 framework\debug\trianglemesh.obj
e:\c++\visual studio\directx 11 framework\directx 11 framework\debug\window.obj
e:\c++\visual studio\directx 11 framework\debug\directx 11 framework.ilk
e:\c++\visual studio\directx 11 framework\debug\directx 11 framework.exe
e:\c++\visual studio\directx 11 framework\debug\directx 11 framework.pdb
e:\c++\visual studio\directx 11 framework\directx 11 framework\debug\directx .d6afb787.tlog\cl.read.1.tlog
e:\c++\visual studio\directx 11 framework\directx 11 framework\debug\directx .d6afb787.tlog\fxc.read.1.tlog
e:\c++\visual studio\directx 11 framework\directx 11 framework\debug\directx .d6afb787.tlog\fxc.write.1.tlog
e:\c++\visual studio\directx 11 framework\directx 11 framework\debug\directx .d6afb787.tlog\fxc.command.1.tlog
e:\c++\visual studio\directx 11 framework\directx 11 framework\debug\directx .d6afb787.tlog\directx 11 framework.write.1u.tlog
e:\c++\visual studio\directx 11 framework\directx 11 framework\debug\directx .d6afb787.tlog\link.read.1.tlog
e:\c++\visual studio\directx 11 framework\directx 11 framework\debug\directx .d6afb787.tlog\cl.write.1.tlog
e:\c++\visual studio\directx 11 framework\directx 11 framework\debug\directx .d6afb787.tlog\cl.command.1.tlog
e:\c++\visual studio\directx 11 framework\directx 11 framework\debug\directx .d6afb787.tlog\link.command.1.tlog
e:\c++\visual studio\directx 11 framework\directx 11 framework\debug\directx .d6afb787.tlog\link.write.1.tlog
